[ 2017-06-19T15:30:48+08:00 ] 127.0.0.1 /index.php/Admin/Type/showlist
INFO: [ app_init ] --START--
INFO: Run Behavior\BuildLiteBehavior [ RunTime:0.000021s ]
INFO: [ app_init ] --END-- [ RunTime:0.000796s ]

[ 2017-06-19T15:30:49+08:00 ] 127.0.0.1 /index.php/admin/manager/login
INFO: [ app_init ] --START--
INFO: Run Behavior\BuildLiteBehavior [ RunTime:0.000007s ]
INFO: [ app_init ] --END-- [ RunTime:0.000261s ]

[ 2017-06-19T15:30:50+08:00 ] 127.0.0.1 /index.php/Admin/Type/showlist
INFO: [ app_init ] --START--
INFO: Run Behavior\BuildLiteBehavior [ RunTime:0.000007s ]
INFO: [ app_init ] --END-- [ RunTime:0.000256s ]

[ 2017-06-19T15:30:50+08:00 ] 127.0.0.1 /index.php/admin/manager/login
INFO: [ app_init ] --START--
INFO: Run Behavior\BuildLiteBehavior [ RunTime:0.000014s ]
INFO: [ app_init ] --END-- [ RunTime:0.000492s ]

[ 2017-06-19T15:30:50+08:00 ] 127.0.0.1 /index.php/Admin/Manager/verifyImg.html
INFO: [ app_init ] --START--
INFO: Run Behavior\BuildLiteBehavior [ RunTime:0.000007s ]
INFO: [ app_init ] --END-- [ RunTime:0.000279s ]

[ 2017-06-19T15:31:04+08:00 ] 127.0.0.1 /index.php/Admin/Manager/checkVerifyCode.html
INFO: [ app_init ] --START--
INFO: Run Behavior\BuildLiteBehavior [ RunTime:0.000008s ]
INFO: [ app_init ] --END-- [ RunTime:0.000311s ]
INFO: [ app_begin ] --START--
INFO: Run Behavior\ReadHtmlCacheBehavior [ RunTime:0.000327s ]
INFO: [ app_begin ] --END-- [ RunTime:0.000353s ]

[ 2017-06-19T15:31:05+08:00 ] 127.0.0.1 /index.php/admin/manager/login
INFO: [ app_init ] --START--
INFO: Run Behavior\BuildLiteBehavior [ RunTime:0.000006s ]
INFO: [ app_init ] --END-- [ RunTime:0.000266s ]

[ 2017-06-19T15:31:06+08:00 ] 127.0.0.1 /index.php/Admin/index/index.html
INFO: [ app_init ] --START--
INFO: Run Behavior\BuildLiteBehavior [ RunTime:0.000006s ]
INFO: [ app_init ] --END-- [ RunTime:0.000252s ]

[ 2017-06-19T15:31:07+08:00 ] 127.0.0.1 /index.php/Admin/Index/top.html
INFO: [ app_init ] --START--
INFO: Run Behavior\BuildLiteBehavior [ RunTime:0.000011s ]
INFO: [ app_init ] --END-- [ RunTime:0.000517s ]

[ 2017-06-19T15:31:08+08:00 ] 127.0.0.1 /index.php/Admin/Index/center.html
INFO: [ app_init ] --START--
INFO: Run Behavior\BuildLiteBehavior [ RunTime:0.000010s ]
INFO: [ app_init ] --END-- [ RunTime:0.000421s ]

[ 2017-06-19T15:31:09+08:00 ] 127.0.0.1 /index.php/Admin/Index/down.html
INFO: [ app_init ] --START--
INFO: Run Behavior\BuildLiteBehavior [ RunTime:0.000011s ]
INFO: [ app_init ] --END-- [ RunTime:0.000447s ]

[ 2017-06-19T15:31:10+08:00 ] 127.0.0.1 /index.php/Admin/Index/left.html
INFO: [ app_init ] --START--
INFO: Run Behavior\BuildLiteBehavior [ RunTime:0.000012s ]
INFO: [ app_init ] --END-- [ RunTime:0.000429s ]

[ 2017-06-19T15:31:11+08:00 ] 127.0.0.1 /index.php/Admin/Index/right.html
INFO: [ app_init ] --START--
INFO: Run Behavior\BuildLiteBehavior [ RunTime:0.000012s ]
INFO: [ app_init ] --END-- [ RunTime:0.000454s ]

[ 2017-06-19T15:31:15+08:00 ] 127.0.0.1 /index.php/Admin/User/showlist
INFO: [ app_init ] --START--
INFO: Run Behavior\BuildLiteBehavior [ RunTime:0.000008s ]
INFO: [ app_init ] --END-- [ RunTime:0.000367s ]

[ 2017-06-19T15:31:19+08:00 ] 127.0.0.1 /index.php/Admin/User/showlist
INFO: [ app_init ] --START--
INFO: Run Behavior\BuildLiteBehavior [ RunTime:0.000006s ]
INFO: [ app_init ] --END-- [ RunTime:0.000246s ]

[ 2017-06-19T15:31:20+08:00 ] 127.0.0.1 /index.php/Admin/User/showlist
INFO: [ app_init ] --START--
INFO: Run Behavior\BuildLiteBehavior [ RunTime:0.000007s ]
INFO: [ app_init ] --END-- [ RunTime:0.000264s ]

[ 2017-06-19T15:31:21+08:00 ] 127.0.0.1 /index.php/Admin/User/showlist
INFO: [ app_init ] --START--
INFO: Run Behavior\BuildLiteBehavior [ RunTime:0.000008s ]
INFO: [ app_init ] --END-- [ RunTime:0.000367s ]

[ 2017-06-19T15:31:22+08:00 ] 127.0.0.1 /index.php/Admin/User/showlist
INFO: [ app_init ] --START--
INFO: Run Behavior\BuildLiteBehavior [ RunTime:0.000008s ]
INFO: [ app_init ] --END-- [ RunTime:0.000353s ]

[ 2017-06-19T15:31:23+08:00 ] 127.0.0.1 /index.php/Admin/User/showlist
INFO: [ app_init ] --START--
INFO: Run Behavior\BuildLiteBehavior [ RunTime:0.000010s ]
INFO: [ app_init ] --END-- [ RunTime:0.000251s ]

[ 2017-06-19T15:31:24+08:00 ] 127.0.0.1 /index.php/Admin/User/showlist
INFO: [ app_init ] --START--
INFO: Run Behavior\BuildLiteBehavior [ RunTime:0.000006s ]
INFO: [ app_init ] --END-- [ RunTime:0.000246s ]

[ 2017-06-19T15:31:25+08:00 ] 127.0.0.1 /index.php/Admin/User/showlist
INFO: [ app_init ] --START--
INFO: Run Behavior\BuildLiteBehavior [ RunTime:0.000006s ]
INFO: [ app_init ] --END-- [ RunTime:0.000253s ]

[ 2017-06-19T15:31:26+08:00 ] 127.0.0.1 /index.php/Admin/User/showlist
INFO: [ app_init ] --START--
INFO: Run Behavior\BuildLiteBehavior [ RunTime:0.000006s ]
INFO: [ app_init ] --END-- [ RunTime:0.000283s ]

[ 2017-06-19T15:33:06+08:00 ] 127.0.0.1 /index.php/Admin/index/index.html
INFO: [ app_init ] --START--
INFO: Run Behavior\BuildLiteBehavior [ RunTime:0.000006s ]
INFO: [ app_init ] --END-- [ RunTime:0.000312s ]

[ 2017-06-19T15:33:07+08:00 ] 127.0.0.1 /index.php/Admin/Index/top.html
INFO: [ app_init ] --START--
INFO: Run Behavior\BuildLiteBehavior [ RunTime:0.000011s ]
INFO: [ app_init ] --END-- [ RunTime:0.000434s ]

[ 2017-06-19T15:33:08+08:00 ] 127.0.0.1 /index.php/Admin/Index/center.html
INFO: [ app_init ] --START--
INFO: Run Behavior\BuildLiteBehavior [ RunTime:0.000013s ]
INFO: [ app_init ] --END-- [ RunTime:0.000487s ]

[ 2017-06-19T15:33:09+08:00 ] 127.0.0.1 /index.php/Admin/Index/down.html
INFO: [ app_init ] --START--
INFO: Run Behavior\BuildLiteBehavior [ RunTime:0.000012s ]
INFO: [ app_init ] --END-- [ RunTime:0.000469s ]

[ 2017-06-19T15:33:11+08:00 ] 127.0.0.1 /index.php/Admin/Index/left.html
INFO: [ app_init ] --START--
INFO: Run Behavior\BuildLiteBehavior [ RunTime:0.000009s ]
INFO: [ app_init ] --END-- [ RunTime:0.000505s ]

[ 2017-06-19T15:33:12+08:00 ] 127.0.0.1 /index.php/Admin/Index/right.html
INFO: [ app_init ] --START--
INFO: Run Behavior\BuildLiteBehavior [ RunTime:0.000008s ]
INFO: [ app_init ] --END-- [ RunTime:0.000337s ]

[ 2017-06-19T15:33:15+08:00 ] 127.0.0.1 /index.php/Admin/User/showlist
INFO: [ app_init ] --START--
INFO: Run Behavior\BuildLiteBehavior [ RunTime:0.000007s ]
INFO: [ app_init ] --END-- [ RunTime:0.000246s ]

[ 2017-06-19T15:34:31+08:00 ] 127.0.0.1 /index.php/Admin/User/showlist
INFO: [ app_init ] --START--
INFO: Run Behavior\BuildLiteBehavior [ RunTime:0.000006s ]
INFO: [ app_init ] --END-- [ RunTime:0.000244s ]

[ 2017-06-19T15:34:37+08:00 ] 127.0.0.1 /index.php/Admin/User/showlist
INFO: [ app_init ] --START--
INFO: Run Behavior\BuildLiteBehavior [ RunTime:0.000006s ]
INFO: [ app_init ] --END-- [ RunTime:0.000250s ]

[ 2017-06-19T15:34:38+08:00 ] 127.0.0.1 /index.php/Admin/User/showlist
INFO: [ app_init ] --START--
INFO: Run Behavior\BuildLiteBehavior [ RunTime:0.000009s ]
INFO: [ app_init ] --END-- [ RunTime:0.000270s ]

[ 2017-06-19T17:16:01+08:00 ] 127.0.0.1 /index.php/Admin/User/showlist
INFO: [ app_init ] --START--
INFO: Run Behavior\BuildLiteBehavior [ RunTime:0.000009s ]
INFO: [ app_init ] --END-- [ RunTime:0.000783s ]
ERR: syntax error, unexpected '}'

[ 2017-06-19T17:16:03+08:00 ] 127.0.0.1 /index.php/Admin/User/showlist
INFO: [ app_init ] --START--
INFO: Run Behavior\BuildLiteBehavior [ RunTime:0.000006s ]
INFO: [ app_init ] --END-- [ RunTime:0.000250s ]
ERR: syntax error, unexpected '}'

[ 2017-06-19T17:16:23+08:00 ] 127.0.0.1 /index.php/Admin/User/showlist
INFO: [ app_init ] --START--
INFO: Run Behavior\BuildLiteBehavior [ RunTime:0.000007s ]
INFO: [ app_init ] --END-- [ RunTime:0.000320s ]
ERR: syntax error, unexpected '}'

[ 2017-06-19T17:16:24+08:00 ] 127.0.0.1 /index.php/Admin/User/showlist
INFO: [ app_init ] --START--
INFO: Run Behavior\BuildLiteBehavior [ RunTime:0.000007s ]
INFO: [ app_init ] --END-- [ RunTime:0.000299s ]
ERR: syntax error, unexpected '}'

[ 2017-06-19T17:16:24+08:00 ] 127.0.0.1 /index.php/Admin/User/showlist
INFO: [ app_init ] --START--
INFO: Run Behavior\BuildLiteBehavior [ RunTime:0.000008s ]
INFO: [ app_init ] --END-- [ RunTime:0.000311s ]
ERR: syntax error, unexpected '}'

[ 2017-06-19T17:16:24+08:00 ] 127.0.0.1 /index.php/Admin/User/showlist
INFO: [ app_init ] --START--
INFO: Run Behavior\BuildLiteBehavior [ RunTime:0.000006s ]
INFO: [ app_init ] --END-- [ RunTime:0.000257s ]
ERR: syntax error, unexpected '}'

[ 2017-06-19T17:16:25+08:00 ] 127.0.0.1 /index.php/Admin/User/showlist
INFO: [ app_init ] --START--
INFO: Run Behavior\BuildLiteBehavior [ RunTime:0.000006s ]
INFO: [ app_init ] --END-- [ RunTime:0.000242s ]
ERR: syntax error, unexpected '}'

[ 2017-06-19T17:16:26+08:00 ] 127.0.0.1 /index.php/Admin/User/showlist
INFO: [ app_init ] --START--
INFO: Run Behavior\BuildLiteBehavior [ RunTime:0.000006s ]
INFO: [ app_init ] --END-- [ RunTime:0.000244s ]
ERR: syntax error, unexpected '}'

[ 2017-06-19T17:16:35+08:00 ] 127.0.0.1 /index.php/Admin/User/showlist
INFO: [ app_init ] --START--
INFO: Run Behavior\BuildLiteBehavior [ RunTime:0.000006s ]
INFO: [ app_init ] --END-- [ RunTime:0.000240s ]
ERR: syntax error, unexpected end of file, expecting function (T_FUNCTION)

[ 2017-06-19T17:16:55+08:00 ] 127.0.0.1 /index.php/Admin/User/showlist
INFO: [ app_init ] --START--
INFO: Run Behavior\BuildLiteBehavior [ RunTime:0.000008s ]
INFO: [ app_init ] --END-- [ RunTime:0.000324s ]

[ 2017-06-19T17:16:59+08:00 ] 127.0.0.1 /index.php/Admin/User/showlist
INFO: [ app_init ] --START--
INFO: Run Behavior\BuildLiteBehavior [ RunTime:0.000006s ]
INFO: [ app_init ] --END-- [ RunTime:0.000241s ]

[ 2017-06-19T17:17:02+08:00 ] 127.0.0.1 /index.php/Admin/User/exportUser
INFO: [ app_init ] --START--
INFO: Run Behavior\BuildLiteBehavior [ RunTime:0.000010s ]
INFO: [ app_init ] --END-- [ RunTime:0.000496s ]
ERR: Class 'Admin\Controller\PHPExcel' not found

[ 2017-06-19T17:17:36+08:00 ] 127.0.0.1 /index.php/Admin/User/exportUser
INFO: [ app_init ] --START--
INFO: Run Behavior\BuildLiteBehavior [ RunTime:0.000008s ]
INFO: [ app_init ] --END-- [ RunTime:0.000488s ]
ERR: Class 'Admin\Controller\PHPExcel' not found

[ 2017-06-19T17:19:35+08:00 ] 127.0.0.1 /index.php/Admin/User/exportUser
INFO: [ app_init ] --START--
INFO: Run Behavior\BuildLiteBehavior [ RunTime:0.000009s ]
INFO: [ app_init ] --END-- [ RunTime:0.000451s ]

[ 2017-06-19T17:20:10+08:00 ] 127.0.0.1 /index.php/Admin/User/exportUser
INFO: [ app_init ] --START--
INFO: Run Behavior\BuildLiteBehavior [ RunTime:0.000012s ]
INFO: [ app_init ] --END-- [ RunTime:0.000344s ]

[ 2017-06-19T18:37:58+08:00 ] 127.0.0.1 /index.php/Admin/User/exportUser
INFO: [ app_init ] --START--
INFO: Run Behavior\BuildLiteBehavior [ RunTime:0.000007s ]
INFO: [ app_init ] --END-- [ RunTime:0.000355s ]
ERR: Class 'PHPExcel_Shared_String' not found

[ 2017-06-19T18:45:14+08:00 ] 127.0.0.1 /index.php/Admin/User/exportUser
INFO: [ app_init ] --START--
INFO: Run Behavior\BuildLiteBehavior [ RunTime:0.000007s ]
INFO: [ app_init ] --END-- [ RunTime:0.000365s ]
ERR: Class 'PHPExcel_Shared_String' not found

[ 2017-06-19T18:54:12+08:00 ] 127.0.0.1 /index.php/Admin/User/exportUser
INFO: [ app_init ] --START--
INFO: Run Behavior\BuildLiteBehavior [ RunTime:0.000007s ]
INFO: [ app_init ] --END-- [ RunTime:0.000350s ]
ERR: Class 'Admin\Controller\PHPExcel' not found

[ 2017-06-19T18:55:42+08:00 ] 127.0.0.1 /index.php/Admin/User/exportUser
INFO: [ app_init ] --START--
INFO: Run Behavior\BuildLiteBehavior [ RunTime:0.000009s ]
INFO: [ app_init ] --END-- [ RunTime:0.000558s ]

[ 2017-06-19T18:56:15+08:00 ] 127.0.0.1 /index.php/Admin/User/exportUser
INFO: [ app_init ] --START--
INFO: Run Behavior\BuildLiteBehavior [ RunTime:0.000007s ]
INFO: [ app_init ] --END-- [ RunTime:0.000316s ]

[ 2017-06-19T18:56:50+08:00 ] 127.0.0.1 /index.php/Admin/User/exportUser
INFO: [ app_init ] --START--
INFO: Run Behavior\BuildLiteBehavior [ RunTime:0.000009s ]
INFO: [ app_init ] --END-- [ RunTime:0.000462s ]

[ 2017-06-19T18:59:13+08:00 ] 127.0.0.1 /index.php/Admin/User/exportUser
INFO: [ app_init ] --START--
INFO: Run Behavior\BuildLiteBehavior [ RunTime:0.000007s ]
INFO: [ app_init ] --END-- [ RunTime:0.000321s ]
ERR: Class 'Admin\Controller\PHPExcel' not found

[ 2017-06-19T19:05:52+08:00 ] 127.0.0.1 /index.php/Admin/User/exportUser
INFO: [ app_init ] --START--
INFO: Run Behavior\BuildLiteBehavior [ RunTime:0.000009s ]
INFO: [ app_init ] --END-- [ RunTime:0.000435s ]

[ 2017-06-19T19:06:23+08:00 ] 127.0.0.1 /index.php/Admin/User/exportUser
INFO: [ app_init ] --START--
INFO: Run Behavior\BuildLiteBehavior [ RunTime:0.000008s ]
INFO: [ app_init ] --END-- [ RunTime:0.000392s ]
ERR: Class 'Admin\Controller\PHPExcel_Writer_Excel2007' not found

[ 2017-06-19T19:06:33+08:00 ] 127.0.0.1 /index.php/Admin/User/exportUser
INFO: [ app_init ] --START--
INFO: Run Behavior\BuildLiteBehavior [ RunTime:0.000007s ]
INFO: [ app_init ] --END-- [ RunTime:0.000386s ]

[ 2017-06-19T19:06:49+08:00 ] 127.0.0.1 /index.php/Admin/User/exportUser
INFO: [ app_init ] --START--
INFO: Run Behavior\BuildLiteBehavior [ RunTime:0.000006s ]
INFO: [ app_init ] --END-- [ RunTime:0.000329s ]

[ 2017-06-19T19:08:56+08:00 ] 127.0.0.1 /index.php/Admin/User/exportUser
INFO: [ app_init ] --START--
INFO: Run Behavior\BuildLiteBehavior [ RunTime:0.000007s ]
INFO: [ app_init ] --END-- [ RunTime:0.000340s ]

[ 2017-06-19T19:16:04+08:00 ] 127.0.0.1 /index.php/Admin/User/exportUser
INFO: [ app_init ] --START--
INFO: Run Behavior\BuildLiteBehavior [ RunTime:0.000008s ]
INFO: [ app_init ] --END-- [ RunTime:0.000448s ]

[ 2017-06-19T19:16:10+08:00 ] 127.0.0.1 /index.php/Admin/User/exportUser
INFO: [ app_init ] --START--
INFO: Run Behavior\BuildLiteBehavior [ RunTime:0.000006s ]
INFO: [ app_init ] --END-- [ RunTime:0.000325s ]

[ 2017-06-19T19:16:18+08:00 ] 127.0.0.1 /index.php/Admin/User/exportUser
INFO: [ app_init ] --START--
INFO: Run Behavior\BuildLiteBehavior [ RunTime:0.000013s ]
INFO: [ app_init ] --END-- [ RunTime:0.000646s ]

[ 2017-06-19T19:17:02+08:00 ] 127.0.0.1 /index.php/Admin/User/exportUser
INFO: [ app_init ] --START--
INFO: Run Behavior\BuildLiteBehavior [ RunTime:0.000007s ]
INFO: [ app_init ] --END-- [ RunTime:0.000330s ]

[ 2017-06-19T19:17:25+08:00 ] 127.0.0.1 /index.php/Admin/User/exportUser
INFO: [ app_init ] --START--
INFO: Run Behavior\BuildLiteBehavior [ RunTime:0.000009s ]
INFO: [ app_init ] --END-- [ RunTime:0.000509s ]

[ 2017-06-19T19:17:48+08:00 ] 127.0.0.1 /index.php/Admin/User/exportUser
INFO: [ app_init ] --START--
INFO: Run Behavior\BuildLiteBehavior [ RunTime:0.000007s ]
INFO: [ app_init ] --END-- [ RunTime:0.000323s ]

[ 2017-06-19T19:18:09+08:00 ] 127.0.0.1 /index.php/Admin/User/exportUser
INFO: [ app_init ] --START--
INFO: Run Behavior\BuildLiteBehavior [ RunTime:0.000007s ]
INFO: [ app_init ] --END-- [ RunTime:0.000310s ]

[ 2017-06-19T19:20:36+08:00 ] 127.0.0.1 /index.php/Admin/User/exportUser
INFO: [ app_init ] --START--
INFO: Run Behavior\BuildLiteBehavior [ RunTime:0.000008s ]
INFO: [ app_init ] --END-- [ RunTime:0.000432s ]

[ 2017-06-19T19:21:21+08:00 ] 127.0.0.1 /index.php/Admin/User/exportUser
INFO: [ app_init ] --START--
INFO: Run Behavior\BuildLiteBehavior [ RunTime:0.000013s ]
INFO: [ app_init ] --END-- [ RunTime:0.000706s ]

[ 2017-06-19T19:21:29+08:00 ] 127.0.0.1 /index.php/Admin/User/exportUser
INFO: [ app_init ] --START--
INFO: Run Behavior\BuildLiteBehavior [ RunTime:0.000014s ]
INFO: [ app_init ] --END-- [ RunTime:0.000637s ]

[ 2017-06-19T19:21:38+08:00 ] 127.0.0.1 /index.php/Admin/User/exportUser
INFO: [ app_init ] --START--
INFO: Run Behavior\BuildLiteBehavior [ RunTime:0.000011s ]
INFO: [ app_init ] --END-- [ RunTime:0.000495s ]

[ 2017-06-19T19:21:40+08:00 ] 127.0.0.1 /index.php/Admin/User/FILEURL/execl/2017-06_tpshop%E7%94%A8%E6%88%B7%E8%A1%A8.xlsx
INFO: [ app_init ] --START--
INFO: Run Behavior\BuildLiteBehavior [ RunTime:0.000009s ]
INFO: [ app_init ] --END-- [ RunTime:0.000521s ]
ERR: 非法操作:FILEURL

[ 2017-06-19T19:22:15+08:00 ] 127.0.0.1 /index.php/Admin/User/exportUser
INFO: [ app_init ] --START--
INFO: Run Behavior\BuildLiteBehavior [ RunTime:0.000011s ]
INFO: [ app_init ] --END-- [ RunTime:0.000396s ]

[ 2017-06-19T19:22:44+08:00 ] 127.0.0.1 /index.php/Admin/User/exportUser
INFO: [ app_init ] --START--
INFO: Run Behavior\BuildLiteBehavior [ RunTime:0.000007s ]
INFO: [ app_init ] --END-- [ RunTime:0.000356s ]

[ 2017-06-19T19:23:16+08:00 ] 127.0.0.1 /index.php/Admin/User/exportUser
INFO: [ app_init ] --START--
INFO: Run Behavior\BuildLiteBehavior [ RunTime:0.000010s ]
INFO: [ app_init ] --END-- [ RunTime:0.000456s ]

[ 2017-06-19T19:23:17+08:00 ] 127.0.0.1 /index.php/Admin/User/__PUBLIC__/execl/2017-06_tpshop%E7%94%A8%E6%88%B7%E8%A1%A8.xlsx
INFO: [ app_init ] --START--
INFO: Run Behavior\BuildLiteBehavior [ RunTime:0.000010s ]
INFO: [ app_init ] --END-- [ RunTime:0.000585s ]
ERR: 非法操作:__PUBLIC__

[ 2017-06-19T19:25:12+08:00 ] 127.0.0.1 /index.php/Admin/User/exportUser
INFO: [ app_init ] --START--
INFO: Run Behavior\BuildLiteBehavior [ RunTime:0.000007s ]
INFO: [ app_init ] --END-- [ RunTime:0.000337s ]

[ 2017-06-19T19:25:40+08:00 ] 127.0.0.1 /index.php/Admin/User/exportUser
INFO: [ app_init ] --START--
INFO: Run Behavior\BuildLiteBehavior [ RunTime:0.000010s ]
INFO: [ app_init ] --END-- [ RunTime:0.000448s ]

[ 2017-06-19T19:25:43+08:00 ] 127.0.0.1 /index.php/Admin/User/exportUser
INFO: [ app_init ] --START--
INFO: Run Behavior\BuildLiteBehavior [ RunTime:0.000009s ]
INFO: [ app_init ] --END-- [ RunTime:0.000323s ]

[ 2017-06-19T19:26:00+08:00 ] 127.0.0.1 /index.php/Admin/User/exportUser
INFO: [ app_init ] --START--
INFO: Run Behavior\BuildLiteBehavior [ RunTime:0.000007s ]
INFO: [ app_init ] --END-- [ RunTime:0.000345s ]

[ 2017-06-19T19:26:12+08:00 ] 127.0.0.1 /index.php/Admin/User/exportUser
INFO: [ app_init ] --START--
INFO: Run Behavior\BuildLiteBehavior [ RunTime:0.000008s ]
INFO: [ app_init ] --END-- [ RunTime:0.000561s ]

[ 2017-06-19T19:26:51+08:00 ] 127.0.0.1 /index.php/Admin/User/exportUser
INFO: [ app_init ] --START--
INFO: Run Behavior\BuildLiteBehavior [ RunTime:0.000015s ]
INFO: [ app_init ] --END-- [ RunTime:0.000733s ]

[ 2017-06-19T19:26:54+08:00 ] 127.0.0.1 /index.php/Admin/User/exportUser
INFO: [ app_init ] --START--
INFO: Run Behavior\BuildLiteBehavior [ RunTime:0.000007s ]
INFO: [ app_init ] --END-- [ RunTime:0.000335s ]

[ 2017-06-19T19:29:10+08:00 ] 127.0.0.1 /index.php/Admin/User/exportUser
INFO: [ app_init ] --START--
INFO: Run Behavior\BuildLiteBehavior [ RunTime:0.000008s ]
INFO: [ app_init ] --END-- [ RunTime:0.000349s ]

[ 2017-06-19T19:29:11+08:00 ] 127.0.0.1 /index.php/Admin/User/Public/upload/execl/2017-06_tpshop%E7%94%A8%E6%88%B7%E8%A1%A8.xlsx
INFO: [ app_init ] --START--
INFO: Run Behavior\BuildLiteBehavior [ RunTime:0.000012s ]
INFO: [ app_init ] --END-- [ RunTime:0.000525s ]
ERR: 非法操作:Public

[ 2017-06-19T19:30:48+08:00 ] 127.0.0.1 /index.php/Admin/User/exportUser
INFO: [ app_init ] --START--
INFO: Run Behavior\BuildLiteBehavior [ RunTime:0.000029s ]
INFO: [ app_init ] --END-- [ RunTime:0.001454s ]

[ 2017-06-19T19:30:49+08:00 ] 127.0.0.1 /index.php/Admin/User/Public/upload/execl/2017-06_tpshop%E7%94%A8%E6%88%B7%E8%A1%A8.xlsx
INFO: [ app_init ] --START--
INFO: Run Behavior\BuildLiteBehavior [ RunTime:0.000010s ]
INFO: [ app_init ] --END-- [ RunTime:0.000512s ]
ERR: 非法操作:Public

[ 2017-06-19T19:32:08+08:00 ] 127.0.0.1 /index.php/Admin/User/exportUser
INFO: [ app_init ] --START--
INFO: Run Behavior\BuildLiteBehavior [ RunTime:0.000007s ]
INFO: [ app_init ] --END-- [ RunTime:0.000319s ]

[ 2017-06-19T19:33:02+08:00 ] 127.0.0.1 /index.php/Admin/User/exportUser
INFO: [ app_init ] --START--
INFO: Run Behavior\BuildLiteBehavior [ RunTime:0.000007s ]
INFO: [ app_init ] --END-- [ RunTime:0.000367s ]

[ 2017-06-19T19:33:21+08:00 ] 127.0.0.1 /index.php/Admin/User/exportUser
INFO: [ app_init ] --START--
INFO: Run Behavior\BuildLiteBehavior [ RunTime:0.000014s ]
INFO: [ app_init ] --END-- [ RunTime:0.001236s ]

[ 2017-06-19T19:34:10+08:00 ] 127.0.0.1 /index.php/Admin/User/exportUser
INFO: [ app_init ] --START--
INFO: Run Behavior\BuildLiteBehavior [ RunTime:0.000010s ]
INFO: [ app_init ] --END-- [ RunTime:0.000556s ]

[ 2017-06-19T19:34:33+08:00 ] 127.0.0.1 /index.php/Admin/User/exportUser
INFO: [ app_init ] --START--
INFO: Run Behavior\BuildLiteBehavior [ RunTime:0.000016s ]
INFO: [ app_init ] --END-- [ RunTime:0.000952s ]

[ 2017-06-19T19:36:01+08:00 ] 127.0.0.1 /index.php/Admin/User/exportUser
INFO: [ app_init ] --START--
INFO: Run Behavior\BuildLiteBehavior [ RunTime:0.000010s ]
INFO: [ app_init ] --END-- [ RunTime:0.000502s ]

[ 2017-06-19T19:36:02+08:00 ] 127.0.0.1 /index.php/Admin/User/Public/upload/execl/2017-06_tpshop%E7%94%A8%E6%88%B7%E8%A1%A8.xlsx
INFO: [ app_init ] --START--
INFO: Run Behavior\BuildLiteBehavior [ RunTime:0.000012s ]
INFO: [ app_init ] --END-- [ RunTime:0.000609s ]
ERR: 非法操作:Public

[ 2017-06-19T19:37:16+08:00 ] 127.0.0.1 /index.php/Admin/User/exportUser
INFO: [ app_init ] --START--
INFO: Run Behavior\BuildLiteBehavior [ RunTime:0.000008s ]
INFO: [ app_init ] --END-- [ RunTime:0.000367s ]

[ 2017-06-19T19:45:00+08:00 ] 127.0.0.1 /index.php/Admin/User/showlist
INFO: [ app_init ] --START--
INFO: Run Behavior\BuildLiteBehavior [ RunTime:0.000012s ]
INFO: [ app_init ] --END-- [ RunTime:0.000548s ]
ERR: syntax error, unexpected ',', expecting variable (T_VARIABLE)

[ 2017-06-19T19:45:20+08:00 ] 127.0.0.1 /index.php/Admin/User/showlist
INFO: [ app_init ] --START--
INFO: Run Behavior\BuildLiteBehavior [ RunTime:0.000014s ]
INFO: [ app_init ] --END-- [ RunTime:0.000452s ]
ERR: syntax error, unexpected ';', expecting ']'

[ 2017-06-19T19:45:35+08:00 ] 127.0.0.1 /index.php/Admin/User/showlist
INFO: [ app_init ] --START--
INFO: Run Behavior\BuildLiteBehavior [ RunTime:0.000012s ]
INFO: [ app_init ] --END-- [ RunTime:0.000504s ]

[ 2017-06-19T19:45:41+08:00 ] 127.0.0.1 /index.php/Admin/User/showlist
INFO: [ app_init ] --START--
INFO: Run Behavior\BuildLiteBehavior [ RunTime:0.000012s ]
INFO: [ app_init ] --END-- [ RunTime:0.000795s ]

[ 2017-06-19T19:46:30+08:00 ] 127.0.0.1 /index.php/Admin/User/showlist
INFO: [ app_init ] --START--
INFO: Run Behavior\BuildLiteBehavior [ RunTime:0.000013s ]
INFO: [ app_init ] --END-- [ RunTime:0.002392s ]

[ 2017-06-19T19:46:50+08:00 ] 127.0.0.1 /index.php/Admin/User/showlist
INFO: [ app_init ] --START--
INFO: Run Behavior\BuildLiteBehavior [ RunTime:0.000014s ]
INFO: [ app_init ] --END-- [ RunTime:0.000605s ]

[ 2017-06-19T19:46:56+08:00 ] 127.0.0.1 /index.php/Admin/User/showlist
INFO: [ app_init ] --START--
INFO: Run Behavior\BuildLiteBehavior [ RunTime:0.000008s ]
INFO: [ app_init ] --END-- [ RunTime:0.000430s ]

[ 2017-06-19T19:47:20+08:00 ] 127.0.0.1 /index.php/Admin/User/showlist
INFO: [ app_init ] --START--
INFO: Run Behavior\BuildLiteBehavior [ RunTime:0.000009s ]
INFO: [ app_init ] --END-- [ RunTime:0.000489s ]

[ 2017-06-19T19:47:31+08:00 ] 127.0.0.1 /index.php/Admin/User/showlist
INFO: [ app_init ] --START--
INFO: Run Behavior\BuildLiteBehavior [ RunTime:0.000006s ]
INFO: [ app_init ] --END-- [ RunTime:0.000317s ]

[ 2017-06-19T19:48:03+08:00 ] 127.0.0.1 /index.php/Admin/User/showlist
INFO: [ app_init ] --START--
INFO: Run Behavior\BuildLiteBehavior [ RunTime:0.000007s ]
INFO: [ app_init ] --END-- [ RunTime:0.000333s ]

[ 2017-06-19T19:48:19+08:00 ] 127.0.0.1 /index.php/Admin/User/showlist
INFO: [ app_init ] --START--
INFO: Run Behavior\BuildLiteBehavior [ RunTime:0.000012s ]
INFO: [ app_init ] --END-- [ RunTime:0.000598s ]

[ 2017-06-19T19:48:23+08:00 ] 127.0.0.1 /index.php/Admin/User/showlist
INFO: [ app_init ] --START--
INFO: Run Behavior\BuildLiteBehavior [ RunTime:0.000009s ]
INFO: [ app_init ] --END-- [ RunTime:0.000332s ]

[ 2017-06-19T19:48:50+08:00 ] 127.0.0.1 /index.php/Admin/User/showlist
INFO: [ app_init ] --START--
INFO: Run Behavior\BuildLiteBehavior [ RunTime:0.000014s ]
INFO: [ app_init ] --END-- [ RunTime:0.000563s ]

[ 2017-06-19T19:48:54+08:00 ] 127.0.0.1 /index.php/Admin/User/showlist
INFO: [ app_init ] --START--
INFO: Run Behavior\BuildLiteBehavior [ RunTime:0.000008s ]
INFO: [ app_init ] --END-- [ RunTime:0.000480s ]

[ 2017-06-19T19:49:03+08:00 ] 127.0.0.1 /index.php/Admin/User/showlist
INFO: [ app_init ] --START--
INFO: Run Behavior\BuildLiteBehavior [ RunTime:0.000008s ]
INFO: [ app_init ] --END-- [ RunTime:0.000435s ]

[ 2017-06-19T19:49:55+08:00 ] 127.0.0.1 /index.php/Admin/User/showlist
INFO: [ app_init ] --START--
INFO: Run Behavior\BuildLiteBehavior [ RunTime:0.000011s ]
INFO: [ app_init ] --END-- [ RunTime:0.000438s ]

[ 2017-06-19T19:50:41+08:00 ] 127.0.0.1 /index.php/Admin/User/showlist
INFO: [ app_init ] --START--
INFO: Run Behavior\BuildLiteBehavior [ RunTime:0.000007s ]
INFO: [ app_init ] --END-- [ RunTime:0.000440s ]

[ 2017-06-19T19:51:30+08:00 ] 127.0.0.1 /index.php/Admin/User/showlist
INFO: [ app_init ] --START--
INFO: Run Behavior\BuildLiteBehavior [ RunTime:0.000013s ]
INFO: [ app_init ] --END-- [ RunTime:0.000615s ]

[ 2017-06-19T19:51:34+08:00 ] 127.0.0.1 /index.php/Admin/User/exportUser.html
INFO: [ app_init ] --START--
INFO: Run Behavior\BuildLiteBehavior [ RunTime:0.000008s ]
INFO: [ app_init ] --END-- [ RunTime:0.000323s ]
INFO: [ app_begin ] --START--
INFO: Run Behavior\ReadHtmlCacheBehavior [ RunTime:0.000426s ]
INFO: [ app_begin ] --END-- [ RunTime:0.000450s ]
SQL: SHOW COLUMNS FROM `sp_manager` [ RunTime:0.0043s ]
NOTIC: [8] Use of undefined constant man - assumed 'man' D:\web\tpshop\App\Admin\Common\AdminController.class.php 第 28 行.
SQL: SELECT role.role_auth_ac FROM sp_manager man INNER JOIN sp_role as role on man.role_id = role.role_id  WHERE `mg_id` = '502' LIMIT 1   [ RunTime:0.0002s ]
NOTIC: [8] Use of undefined constant admin - assumed 'admin' D:\web\tpshop\App\Admin\Common\AdminController.class.php 第 35 行.
SQL: SHOW COLUMNS FROM `sp_user` [ RunTime:0.0044s ]
SQL: SELECT * FROM `sp_user`  [ RunTime:0.0005s ]
NOTIC: [2] Missing argument 2 for Admin\Controller\UserController::export_execl(), called in D:\web\tpshop\App\Admin\Controller\UserController.class.php on line 35 and defined D:\web\tpshop\App\Admin\Controller\UserController.class.php 第 41 行.
NOTIC: [8] Undefined variable: data D:\web\tpshop\App\Admin\Controller\UserController.class.php 第 67 行.
NOTIC: [2] Invalid argument supplied for foreach() D:\web\tpshop\App\Admin\Controller\UserController.class.php 第 67 行.

[ 2017-06-19T20:01:22+08:00 ] 127.0.0.1 /index.php/Admin/User/showlist
INFO: [ app_init ] --START--
INFO: Run Behavior\BuildLiteBehavior [ RunTime:0.000008s ]
INFO: [ app_init ] --END-- [ RunTime:0.000385s ]
ERR: syntax error, unexpected '$e' (T_VARIABLE), expecting ',' or ')'

[ 2017-06-19T20:01:42+08:00 ] 127.0.0.1 /index.php/Admin/User/showlist
INFO: [ app_init ] --START--
INFO: Run Behavior\BuildLiteBehavior [ RunTime:0.000016s ]
INFO: [ app_init ] --END-- [ RunTime:0.002592s ]
ERR: syntax error, unexpected '$e' (T_VARIABLE), expecting ',' or ')'

[ 2017-06-19T20:02:26+08:00 ] 127.0.0.1 /index.php/Admin/User/showlist
INFO: [ app_init ] --START--
INFO: Run Behavior\BuildLiteBehavior [ RunTime:0.000011s ]
INFO: [ app_init ] --END-- [ RunTime:0.000575s ]

[ 2017-06-19T20:02:38+08:00 ] 127.0.0.1 /index.php/Admin/User/exportUser.html
INFO: [ app_init ] --START--
INFO: Run Behavior\BuildLiteBehavior [ RunTime:0.000018s ]
INFO: [ app_init ] --END-- [ RunTime:0.000527s ]
INFO: [ app_begin ] --START--
INFO: Run Behavior\ReadHtmlCacheBehavior [ RunTime:0.000485s ]
INFO: [ app_begin ] --END-- [ RunTime:0.000515s ]
SQL: SHOW COLUMNS FROM `sp_manager` [ RunTime:0.0061s ]
NOTIC: [8] Use of undefined constant man - assumed 'man' D:\web\tpshop\App\Admin\Common\AdminController.class.php 第 28 行.
SQL: SELECT role.role_auth_ac FROM sp_manager man INNER JOIN sp_role as role on man.role_id = role.role_id  WHERE `mg_id` = '502' LIMIT 1   [ RunTime:0.0003s ]
NOTIC: [8] Use of undefined constant admin - assumed 'admin' D:\web\tpshop\App\Admin\Common\AdminController.class.php 第 35 行.
SQL: SHOW COLUMNS FROM `sp_user` [ RunTime:0.0059s ]
SQL: SELECT * FROM `sp_user`  [ RunTime:0.0007s ]
NOTIC: [2] Missing argument 2 for Admin\Controller\UserController::export_execl(), called in D:\web\tpshop\App\Admin\Controller\UserController.class.php on line 35 and defined D:\web\tpshop\App\Admin\Controller\UserController.class.php 第 41 行.
ERR: Class 'Admin\Controller\PHPExcel' not found

[ 2017-06-19T20:02:59+08:00 ] 127.0.0.1 /index.php/Admin/User/exportUser.html
INFO: [ app_init ] --START--
INFO: Run Behavior\BuildLiteBehavior [ RunTime:0.000008s ]
INFO: [ app_init ] --END-- [ RunTime:0.000435s ]
INFO: [ app_begin ] --START--
INFO: Run Behavior\ReadHtmlCacheBehavior [ RunTime:0.000517s ]
INFO: [ app_begin ] --END-- [ RunTime:0.000549s ]
SQL: SHOW COLUMNS FROM `sp_manager` [ RunTime:0.0047s ]
NOTIC: [8] Use of undefined constant man - assumed 'man' D:\web\tpshop\App\Admin\Common\AdminController.class.php 第 28 行.
SQL: SELECT role.role_auth_ac FROM sp_manager man INNER JOIN sp_role as role on man.role_id = role.role_id  WHERE `mg_id` = '502' LIMIT 1   [ RunTime:0.0003s ]
NOTIC: [8] Use of undefined constant admin - assumed 'admin' D:\web\tpshop\App\Admin\Common\AdminController.class.php 第 35 行.
SQL: SHOW COLUMNS FROM `sp_user` [ RunTime:0.0043s ]
SQL: SELECT * FROM `sp_user`  [ RunTime:0.0005s ]
NOTIC: [2] Missing argument 2 for Admin\Controller\UserController::export_execl(), called in D:\web\tpshop\App\Admin\Controller\UserController.class.php on line 35 and defined D:\web\tpshop\App\Admin\Controller\UserController.class.php 第 41 行.
NOTIC: [8] Undefined variable: data D:\web\tpshop\App\Admin\Controller\UserController.class.php 第 68 行.
NOTIC: [2] Invalid argument supplied for foreach() D:\web\tpshop\App\Admin\Controller\UserController.class.php 第 68 行.
ERR: Class 'Admin\Controller\Exception' not found

[ 2017-06-19T20:03:04+08:00 ] 127.0.0.1 /index.php/Admin/User/exportUser.html
INFO: [ app_init ] --START--
INFO: Run Behavior\BuildLiteBehavior [ RunTime:0.000011s ]
INFO: [ app_init ] --END-- [ RunTime:0.000455s ]
INFO: [ app_begin ] --START--
INFO: Run Behavior\ReadHtmlCacheBehavior [ RunTime:0.000497s ]
INFO: [ app_begin ] --END-- [ RunTime:0.000532s ]
SQL: SHOW COLUMNS FROM `sp_manager` [ RunTime:0.0050s ]
NOTIC: [8] Use of undefined constant man - assumed 'man' D:\web\tpshop\App\Admin\Common\AdminController.class.php 第 28 行.
SQL: SELECT role.role_auth_ac FROM sp_manager man INNER JOIN sp_role as role on man.role_id = role.role_id  WHERE `mg_id` = '502' LIMIT 1   [ RunTime:0.0003s ]
NOTIC: [8] Use of undefined constant admin - assumed 'admin' D:\web\tpshop\App\Admin\Common\AdminController.class.php 第 35 行.
SQL: SHOW COLUMNS FROM `sp_user` [ RunTime:0.0043s ]
SQL: SELECT * FROM `sp_user`  [ RunTime:0.0005s ]
NOTIC: [2] Missing argument 2 for Admin\Controller\UserController::export_execl(), called in D:\web\tpshop\App\Admin\Controller\UserController.class.php on line 35 and defined D:\web\tpshop\App\Admin\Controller\UserController.class.php 第 41 行.
NOTIC: [8] Undefined variable: data D:\web\tpshop\App\Admin\Controller\UserController.class.php 第 68 行.
NOTIC: [2] Invalid argument supplied for foreach() D:\web\tpshop\App\Admin\Controller\UserController.class.php 第 68 行.
ERR: Class 'Admin\Controller\Exception' not found

[ 2017-06-19T20:03:23+08:00 ] 127.0.0.1 /index.php/Admin/User/showlist
INFO: [ app_init ] --START--
INFO: Run Behavior\BuildLiteBehavior [ RunTime:0.000007s ]
INFO: [ app_init ] --END-- [ RunTime:0.000340s ]

[ 2017-06-19T20:03:27+08:00 ] 127.0.0.1 /index.php/Admin/User/exportUser.html
INFO: [ app_init ] --START--
INFO: Run Behavior\BuildLiteBehavior [ RunTime:0.000009s ]
INFO: [ app_init ] --END-- [ RunTime:0.000470s ]
INFO: [ app_begin ] --START--
INFO: Run Behavior\ReadHtmlCacheBehavior [ RunTime:0.000682s ]
INFO: [ app_begin ] --END-- [ RunTime:0.000728s ]
SQL: SHOW COLUMNS FROM `sp_manager` [ RunTime:0.0174s ]
NOTIC: [8] Use of undefined constant man - assumed 'man' D:\web\tpshop\App\Admin\Common\AdminController.class.php 第 28 行.
SQL: SELECT role.role_auth_ac FROM sp_manager man INNER JOIN sp_role as role on man.role_id = role.role_id  WHERE `mg_id` = '502' LIMIT 1   [ RunTime:0.0007s ]
NOTIC: [8] Use of undefined constant admin - assumed 'admin' D:\web\tpshop\App\Admin\Common\AdminController.class.php 第 35 行.
SQL: SHOW COLUMNS FROM `sp_user` [ RunTime:0.0083s ]
SQL: SELECT * FROM `sp_user`  [ RunTime:0.0007s ]
NOTIC: [2] Missing argument 2 for Admin\Controller\UserController::export_execl(), called in D:\web\tpshop\App\Admin\Controller\UserController.class.php on line 35 and defined D:\web\tpshop\App\Admin\Controller\UserController.class.php 第 41 行.
NOTIC: [8] Undefined variable: data D:\web\tpshop\App\Admin\Controller\UserController.class.php 第 68 行.
NOTIC: [2] Invalid argument supplied for foreach() D:\web\tpshop\App\Admin\Controller\UserController.class.php 第 68 行.
NOTIC: [8] Undefined variable: error D:\web\tpshop\App\Admin\Controller\UserController.class.php 第 83 行.
ERR: 

[ 2017-06-19T20:05:19+08:00 ] 127.0.0.1 /index.php/Admin/User/exportUser.html
INFO: [ app_init ] --START--
INFO: Run Behavior\BuildLiteBehavior [ RunTime:0.000013s ]
INFO: [ app_init ] --END-- [ RunTime:0.000648s ]
INFO: [ app_begin ] --START--
INFO: Run Behavior\ReadHtmlCacheBehavior [ RunTime:0.000630s ]
INFO: [ app_begin ] --END-- [ RunTime:0.000671s ]
SQL: SHOW COLUMNS FROM `sp_manager` [ RunTime:0.0053s ]
NOTIC: [8] Use of undefined constant man - assumed 'man' D:\web\tpshop\App\Admin\Common\AdminController.class.php 第 28 行.
SQL: SELECT role.role_auth_ac FROM sp_manager man INNER JOIN sp_role as role on man.role_id = role.role_id  WHERE `mg_id` = '502' LIMIT 1   [ RunTime:0.0003s ]
NOTIC: [8] Use of undefined constant admin - assumed 'admin' D:\web\tpshop\App\Admin\Common\AdminController.class.php 第 35 行.
SQL: SHOW COLUMNS FROM `sp_user` [ RunTime:0.0046s ]
SQL: SELECT * FROM `sp_user`  [ RunTime:0.0006s ]
NOTIC: [2] Missing argument 2 for Admin\Controller\UserController::export_execl(), called in D:\web\tpshop\App\Admin\Controller\UserController.class.php on line 35 and defined D:\web\tpshop\App\Admin\Controller\UserController.class.php 第 41 行.
NOTIC: [8] Undefined variable: data D:\web\tpshop\App\Admin\Controller\UserController.class.php 第 68 行.
NOTIC: [2] Invalid argument supplied for foreach() D:\web\tpshop\App\Admin\Controller\UserController.class.php 第 68 行.
NOTIC: [8] Undefined variable: error D:\web\tpshop\App\Admin\Controller\UserController.class.php 第 83 行.
ERR: 

[ 2017-06-19T20:06:08+08:00 ] 127.0.0.1 /index.php/Admin/User/showlist
INFO: [ app_init ] --START--
INFO: Run Behavior\BuildLiteBehavior [ RunTime:0.000008s ]
INFO: [ app_init ] --END-- [ RunTime:0.000365s ]

[ 2017-06-19T20:06:12+08:00 ] 127.0.0.1 /index.php/Admin/User/exportUser.html
INFO: [ app_init ] --START--
INFO: Run Behavior\BuildLiteBehavior [ RunTime:0.000012s ]
INFO: [ app_init ] --END-- [ RunTime:0.000537s ]
INFO: [ app_begin ] --START--
INFO: Run Behavior\ReadHtmlCacheBehavior [ RunTime:0.000810s ]
INFO: [ app_begin ] --END-- [ RunTime:0.000857s ]
SQL: SHOW COLUMNS FROM `sp_manager` [ RunTime:0.0118s ]
NOTIC: [8] Use of undefined constant man - assumed 'man' D:\web\tpshop\App\Admin\Common\AdminController.class.php 第 28 行.
SQL: SELECT role.role_auth_ac FROM sp_manager man INNER JOIN sp_role as role on man.role_id = role.role_id  WHERE `mg_id` = '502' LIMIT 1   [ RunTime:0.0004s ]
NOTIC: [8] Use of undefined constant admin - assumed 'admin' D:\web\tpshop\App\Admin\Common\AdminController.class.php 第 35 行.
SQL: SHOW COLUMNS FROM `sp_user` [ RunTime:0.0065s ]
SQL: SELECT * FROM `sp_user`  [ RunTime:0.0006s ]
NOTIC: [2] Missing argument 2 for Admin\Controller\UserController::export_execl(), called in D:\web\tpshop\App\Admin\Controller\UserController.class.php on line 35 and defined D:\web\tpshop\App\Admin\Controller\UserController.class.php 第 41 行.
NOTIC: [8] Undefined variable: data D:\web\tpshop\App\Admin\Controller\UserController.class.php 第 68 行.
NOTIC: [2] Invalid argument supplied for foreach() D:\web\tpshop\App\Admin\Controller\UserController.class.php 第 68 行.
ERR: 系统错误请与管理员联系

[ 2017-06-19T20:06:34+08:00 ] 127.0.0.1 /index.php/Admin/User/showlist
INFO: [ app_init ] --START--
INFO: Run Behavior\BuildLiteBehavior [ RunTime:0.000012s ]
INFO: [ app_init ] --END-- [ RunTime:0.002524s ]

[ 2017-06-19T20:06:39+08:00 ] 127.0.0.1 /index.php/Admin/User/exportUser.html
INFO: [ app_init ] --START--
INFO: Run Behavior\BuildLiteBehavior [ RunTime:0.000007s ]
INFO: [ app_init ] --END-- [ RunTime:0.000382s ]
INFO: [ app_begin ] --START--
INFO: Run Behavior\ReadHtmlCacheBehavior [ RunTime:0.000714s ]
INFO: [ app_begin ] --END-- [ RunTime:0.000759s ]
SQL: SHOW COLUMNS FROM `sp_manager` [ RunTime:0.0099s ]
NOTIC: [8] Use of undefined constant man - assumed 'man' D:\web\tpshop\App\Admin\Common\AdminController.class.php 第 28 行.
SQL: SELECT role.role_auth_ac FROM sp_manager man INNER JOIN sp_role as role on man.role_id = role.role_id  WHERE `mg_id` = '502' LIMIT 1   [ RunTime:0.0005s ]
NOTIC: [8] Use of undefined constant admin - assumed 'admin' D:\web\tpshop\App\Admin\Common\AdminController.class.php 第 35 行.
SQL: SHOW COLUMNS FROM `sp_user` [ RunTime:0.0077s ]
SQL: SELECT * FROM `sp_user`  [ RunTime:0.0007s ]
NOTIC: [2] Missing argument 2 for Admin\Controller\UserController::export_execl(), called in D:\web\tpshop\App\Admin\Controller\UserController.class.php on line 35 and defined D:\web\tpshop\App\Admin\Controller\UserController.class.php 第 41 行.
NOTIC: [8] Undefined variable: data D:\web\tpshop\App\Admin\Controller\UserController.class.php 第 68 行.
NOTIC: [2] Invalid argument supplied for foreach() D:\web\tpshop\App\Admin\Controller\UserController.class.php 第 68 行.

[ 2017-06-19T20:08:43+08:00 ] 127.0.0.1 /index.php/Admin/User/showlist
INFO: [ app_init ] --START--
INFO: Run Behavior\BuildLiteBehavior [ RunTime:0.000023s ]
INFO: [ app_init ] --END-- [ RunTime:0.000403s ]

[ 2017-06-19T20:08:47+08:00 ] 127.0.0.1 /index.php/Admin/User/exportUser.html
INFO: [ app_init ] --START--
INFO: Run Behavior\BuildLiteBehavior [ RunTime:0.000009s ]
INFO: [ app_init ] --END-- [ RunTime:0.000439s ]
INFO: [ app_begin ] --START--
INFO: Run Behavior\ReadHtmlCacheBehavior [ RunTime:0.000684s ]
INFO: [ app_begin ] --END-- [ RunTime:0.000733s ]
SQL: SHOW COLUMNS FROM `sp_manager` [ RunTime:0.0048s ]
NOTIC: [8] Use of undefined constant man - assumed 'man' D:\web\tpshop\App\Admin\Common\AdminController.class.php 第 28 行.
SQL: SELECT role.role_auth_ac FROM sp_manager man INNER JOIN sp_role as role on man.role_id = role.role_id  WHERE `mg_id` = '502' LIMIT 1   [ RunTime:0.0003s ]
NOTIC: [8] Use of undefined constant admin - assumed 'admin' D:\web\tpshop\App\Admin\Common\AdminController.class.php 第 35 行.
SQL: SHOW COLUMNS FROM `sp_user` [ RunTime:0.0048s ]
SQL: SELECT * FROM `sp_user`  [ RunTime:0.0005s ]
NOTIC: [2] Missing argument 2 for Admin\Controller\UserController::export_execl(), called in D:\web\tpshop\App\Admin\Controller\UserController.class.php on line 35 and defined D:\web\tpshop\App\Admin\Controller\UserController.class.php 第 41 行.
NOTIC: [8] Undefined variable: data D:\web\tpshop\App\Admin\Controller\UserController.class.php 第 68 行.
NOTIC: [2] Invalid argument supplied for foreach() D:\web\tpshop\App\Admin\Controller\UserController.class.php 第 68 行.
ERR: 系统错误请与管理员联系

[ 2017-06-19T20:10:04+08:00 ] 127.0.0.1 /index.php/Admin/User/showlist
INFO: [ app_init ] --START--
INFO: Run Behavior\BuildLiteBehavior [ RunTime:0.000012s ]
INFO: [ app_init ] --END-- [ RunTime:0.000574s ]

[ 2017-06-19T20:10:08+08:00 ] 127.0.0.1 /index.php/Admin/User/exportUser.html
INFO: [ app_init ] --START--
INFO: Run Behavior\BuildLiteBehavior [ RunTime:0.000011s ]
INFO: [ app_init ] --END-- [ RunTime:0.000462s ]
INFO: [ app_begin ] --START--
INFO: Run Behavior\ReadHtmlCacheBehavior [ RunTime:0.000569s ]
INFO: [ app_begin ] --END-- [ RunTime:0.000607s ]
SQL: SHOW COLUMNS FROM `sp_manager` [ RunTime:0.0147s ]
NOTIC: [8] Use of undefined constant man - assumed 'man' D:\web\tpshop\App\Admin\Common\AdminController.class.php 第 28 行.
SQL: SELECT role.role_auth_ac FROM sp_manager man INNER JOIN sp_role as role on man.role_id = role.role_id  WHERE `mg_id` = '502' LIMIT 1   [ RunTime:0.0005s ]
NOTIC: [8] Use of undefined constant admin - assumed 'admin' D:\web\tpshop\App\Admin\Common\AdminController.class.php 第 35 行.
SQL: SHOW COLUMNS FROM `sp_user` [ RunTime:0.0071s ]
SQL: SELECT * FROM `sp_user`  [ RunTime:0.0007s ]
NOTIC: [2] Missing argument 2 for Admin\Controller\UserController::export_execl(), called in D:\web\tpshop\App\Admin\Controller\UserController.class.php on line 35 and defined D:\web\tpshop\App\Admin\Controller\UserController.class.php 第 41 行.
NOTIC: [8] Undefined variable: data D:\web\tpshop\App\Admin\Controller\UserController.class.php 第 66 行.
NOTIC: [2] Invalid argument supplied for foreach() D:\web\tpshop\App\Admin\Controller\UserController.class.php 第 66 行.

[ 2017-06-19T20:10:34+08:00 ] 127.0.0.1 /index.php/Admin/User/showlist
INFO: [ app_init ] --START--
INFO: Run Behavior\BuildLiteBehavior [ RunTime:0.000008s ]
INFO: [ app_init ] --END-- [ RunTime:0.000472s ]

[ 2017-06-19T20:10:37+08:00 ] 127.0.0.1 /index.php/Admin/User/exportUser.html
INFO: [ app_init ] --START--
INFO: Run Behavior\BuildLiteBehavior [ RunTime:0.000007s ]
INFO: [ app_init ] --END-- [ RunTime:0.000367s ]
INFO: [ app_begin ] --START--
INFO: Run Behavior\ReadHtmlCacheBehavior [ RunTime:0.000496s ]
INFO: [ app_begin ] --END-- [ RunTime:0.000530s ]
SQL: SHOW COLUMNS FROM `sp_manager` [ RunTime:0.0056s ]
NOTIC: [8] Use of undefined constant man - assumed 'man' D:\web\tpshop\App\Admin\Common\AdminController.class.php 第 28 行.
SQL: SELECT role.role_auth_ac FROM sp_manager man INNER JOIN sp_role as role on man.role_id = role.role_id  WHERE `mg_id` = '502' LIMIT 1   [ RunTime:0.0003s ]
NOTIC: [8] Use of undefined constant admin - assumed 'admin' D:\web\tpshop\App\Admin\Common\AdminController.class.php 第 35 行.
SQL: SHOW COLUMNS FROM `sp_user` [ RunTime:0.0045s ]
SQL: SELECT * FROM `sp_user`  [ RunTime:0.0005s ]
NOTIC: [2] Missing argument 2 for Admin\Controller\UserController::export_execl(), called in D:\web\tpshop\App\Admin\Controller\UserController.class.php on line 35 and defined D:\web\tpshop\App\Admin\Controller\UserController.class.php 第 41 行.
NOTIC: [8] Undefined variable: data D:\web\tpshop\App\Admin\Controller\UserController.class.php 第 66 行.
NOTIC: [2] Invalid argument supplied for foreach() D:\web\tpshop\App\Admin\Controller\UserController.class.php 第 66 行.

[ 2017-06-19T20:11:02+08:00 ] 127.0.0.1 /index.php/Admin/User/showlist
INFO: [ app_init ] --START--
INFO: Run Behavior\BuildLiteBehavior [ RunTime:0.000010s ]
INFO: [ app_init ] --END-- [ RunTime:0.001204s ]

[ 2017-06-19T20:11:06+08:00 ] 127.0.0.1 /index.php/Admin/User/exportUser.html
INFO: [ app_init ] --START--
INFO: Run Behavior\BuildLiteBehavior [ RunTime:0.000010s ]
INFO: [ app_init ] --END-- [ RunTime:0.000555s ]
INFO: [ app_begin ] --START--
INFO: Run Behavior\ReadHtmlCacheBehavior [ RunTime:0.000546s ]
INFO: [ app_begin ] --END-- [ RunTime:0.000590s ]
SQL: SHOW COLUMNS FROM `sp_manager` [ RunTime:0.0051s ]
NOTIC: [8] Use of undefined constant man - assumed 'man' D:\web\tpshop\App\Admin\Common\AdminController.class.php 第 28 行.
SQL: SELECT role.role_auth_ac FROM sp_manager man INNER JOIN sp_role as role on man.role_id = role.role_id  WHERE `mg_id` = '502' LIMIT 1   [ RunTime:0.0003s ]
NOTIC: [8] Use of undefined constant admin - assumed 'admin' D:\web\tpshop\App\Admin\Common\AdminController.class.php 第 35 行.
SQL: SHOW COLUMNS FROM `sp_user` [ RunTime:0.0045s ]
SQL: SELECT * FROM `sp_user`  [ RunTime:0.0005s ]
NOTIC: [2] Missing argument 2 for Admin\Controller\UserController::export_execl(), called in D:\web\tpshop\App\Admin\Controller\UserController.class.php on line 35 and defined D:\web\tpshop\App\Admin\Controller\UserController.class.php 第 41 行.
NOTIC: [8] Undefined variable: data D:\web\tpshop\App\Admin\Controller\UserController.class.php 第 66 行.
NOTIC: [2] Invalid argument supplied for foreach() D:\web\tpshop\App\Admin\Controller\UserController.class.php 第 66 行.

[ 2017-06-19T20:11:49+08:00 ] 127.0.0.1 /index.php/Admin/User/exportUser.html
INFO: [ app_init ] --START--
INFO: Run Behavior\BuildLiteBehavior [ RunTime:0.000063s ]
INFO: [ app_init ] --END-- [ RunTime:0.000827s ]
INFO: [ app_begin ] --START--
INFO: Run Behavior\ReadHtmlCacheBehavior [ RunTime:0.002381s ]
INFO: [ app_begin ] --END-- [ RunTime:0.002438s ]
SQL: SHOW COLUMNS FROM `sp_manager` [ RunTime:0.0054s ]
NOTIC: [8] Use of undefined constant man - assumed 'man' D:\web\tpshop\App\Admin\Common\AdminController.class.php 第 28 行.
SQL: SELECT role.role_auth_ac FROM sp_manager man INNER JOIN sp_role as role on man.role_id = role.role_id  WHERE `mg_id` = '502' LIMIT 1   [ RunTime:0.0003s ]
NOTIC: [8] Use of undefined constant admin - assumed 'admin' D:\web\tpshop\App\Admin\Common\AdminController.class.php 第 35 行.
SQL: SHOW COLUMNS FROM `sp_user` [ RunTime:0.0052s ]
SQL: SELECT * FROM `sp_user`  [ RunTime:0.0006s ]
NOTIC: [2] Missing argument 2 for Admin\Controller\UserController::export_execl(), called in D:\web\tpshop\App\Admin\Controller\UserController.class.php on line 35 and defined D:\web\tpshop\App\Admin\Controller\UserController.class.php 第 41 行.
NOTIC: [8] Undefined variable: data D:\web\tpshop\App\Admin\Controller\UserController.class.php 第 66 行.
NOTIC: [2] Invalid argument supplied for foreach() D:\web\tpshop\App\Admin\Controller\UserController.class.php 第 66 行.

[ 2017-06-19T20:12:35+08:00 ] 127.0.0.1 /index.php/Admin/User/exportUser.html
INFO: [ app_init ] --START--
INFO: Run Behavior\BuildLiteBehavior [ RunTime:0.000009s ]
INFO: [ app_init ] --END-- [ RunTime:0.000467s ]
INFO: [ app_begin ] --START--
INFO: Run Behavior\ReadHtmlCacheBehavior [ RunTime:0.000738s ]
INFO: [ app_begin ] --END-- [ RunTime:0.000794s ]
SQL: SHOW COLUMNS FROM `sp_manager` [ RunTime:0.0118s ]
NOTIC: [8] Use of undefined constant man - assumed 'man' D:\web\tpshop\App\Admin\Common\AdminController.class.php 第 28 行.
SQL: SELECT role.role_auth_ac FROM sp_manager man INNER JOIN sp_role as role on man.role_id = role.role_id  WHERE `mg_id` = '502' LIMIT 1   [ RunTime:0.0004s ]
NOTIC: [8] Use of undefined constant admin - assumed 'admin' D:\web\tpshop\App\Admin\Common\AdminController.class.php 第 35 行.
SQL: SHOW COLUMNS FROM `sp_user` [ RunTime:0.0065s ]
SQL: SELECT * FROM `sp_user`  [ RunTime:0.0006s ]
NOTIC: [2] Missing argument 2 for Admin\Controller\UserController::export_execl(), called in D:\web\tpshop\App\Admin\Controller\UserController.class.php on line 35 and defined D:\web\tpshop\App\Admin\Controller\UserController.class.php 第 41 行.
NOTIC: [8] Undefined variable: data D:\web\tpshop\App\Admin\Controller\UserController.class.php 第 66 行.
NOTIC: [2] Invalid argument supplied for foreach() D:\web\tpshop\App\Admin\Controller\UserController.class.php 第 66 行.

[ 2017-06-19T20:13:34+08:00 ] 127.0.0.1 /index.php/Admin/User/showlist
INFO: [ app_init ] --START--
INFO: Run Behavior\BuildLiteBehavior [ RunTime:0.000035s ]
INFO: [ app_init ] --END-- [ RunTime:0.000817s ]

[ 2017-06-19T20:13:38+08:00 ] 127.0.0.1 /index.php/Admin/User/exportUser.html
INFO: [ app_init ] --START--
INFO: Run Behavior\BuildLiteBehavior [ RunTime:0.000007s ]
INFO: [ app_init ] --END-- [ RunTime:0.000490s ]
INFO: [ app_begin ] --START--
INFO: Run Behavior\ReadHtmlCacheBehavior [ RunTime:0.000669s ]
INFO: [ app_begin ] --END-- [ RunTime:0.000715s ]
SQL: SHOW COLUMNS FROM `sp_manager` [ RunTime:0.0049s ]
NOTIC: [8] Use of undefined constant man - assumed 'man' D:\web\tpshop\App\Admin\Common\AdminController.class.php 第 28 行.
SQL: SELECT role.role_auth_ac FROM sp_manager man INNER JOIN sp_role as role on man.role_id = role.role_id  WHERE `mg_id` = '502' LIMIT 1   [ RunTime:0.0003s ]
NOTIC: [8] Use of undefined constant admin - assumed 'admin' D:\web\tpshop\App\Admin\Common\AdminController.class.php 第 35 行.
SQL: SHOW COLUMNS FROM `sp_user` [ RunTime:0.0044s ]
SQL: SELECT * FROM `sp_user`  [ RunTime:0.0005s ]
NOTIC: [2] Missing argument 2 for Admin\Controller\UserController::export_execl(), called in D:\web\tpshop\App\Admin\Controller\UserController.class.php on line 35 and defined D:\web\tpshop\App\Admin\Controller\UserController.class.php 第 41 行.
NOTIC: [8] Undefined variable: data D:\web\tpshop\App\Admin\Controller\UserController.class.php 第 66 行.
NOTIC: [2] Invalid argument supplied for foreach() D:\web\tpshop\App\Admin\Controller\UserController.class.php 第 66 行.

[ 2017-06-19T20:13:58+08:00 ] 127.0.0.1 /index.php/Admin/User/showlist
INFO: [ app_init ] --START--
INFO: Run Behavior\BuildLiteBehavior [ RunTime:0.000011s ]
INFO: [ app_init ] --END-- [ RunTime:0.000608s ]

[ 2017-06-19T20:14:00+08:00 ] 127.0.0.1 /index.php/Admin/User/exportUser.html
INFO: [ app_init ] --START--
INFO: Run Behavior\BuildLiteBehavior [ RunTime:0.000008s ]
INFO: [ app_init ] --END-- [ RunTime:0.000353s ]
INFO: [ app_begin ] --START--
INFO: Run Behavior\ReadHtmlCacheBehavior [ RunTime:0.000460s ]
INFO: [ app_begin ] --END-- [ RunTime:0.000488s ]
SQL: SHOW COLUMNS FROM `sp_manager` [ RunTime:0.0110s ]
NOTIC: [8] Use of undefined constant man - assumed 'man' D:\web\tpshop\App\Admin\Common\AdminController.class.php 第 28 行.
SQL: SELECT role.role_auth_ac FROM sp_manager man INNER JOIN sp_role as role on man.role_id = role.role_id  WHERE `mg_id` = '502' LIMIT 1   [ RunTime:0.0005s ]
NOTIC: [8] Use of undefined constant admin - assumed 'admin' D:\web\tpshop\App\Admin\Common\AdminController.class.php 第 35 行.
SQL: SHOW COLUMNS FROM `sp_user` [ RunTime:0.0076s ]
SQL: SELECT * FROM `sp_user`  [ RunTime:0.0007s ]
NOTIC: [2] Missing argument 2 for Admin\Controller\UserController::export_execl(), called in D:\web\tpshop\App\Admin\Controller\UserController.class.php on line 35 and defined D:\web\tpshop\App\Admin\Controller\UserController.class.php 第 41 行.
NOTIC: [8] Undefined variable: data D:\web\tpshop\App\Admin\Controller\UserController.class.php 第 66 行.
NOTIC: [2] Invalid argument supplied for foreach() D:\web\tpshop\App\Admin\Controller\UserController.class.php 第 66 行.

[ 2017-06-19T20:14:04+08:00 ] 127.0.0.1 /index.php/Admin/User/exportUser.html
INFO: [ app_init ] --START--
INFO: Run Behavior\BuildLiteBehavior [ RunTime:0.000008s ]
INFO: [ app_init ] --END-- [ RunTime:0.000387s ]
INFO: [ app_begin ] --START--
INFO: Run Behavior\ReadHtmlCacheBehavior [ RunTime:0.000470s ]
INFO: [ app_begin ] --END-- [ RunTime:0.000498s ]
SQL: SHOW COLUMNS FROM `sp_manager` [ RunTime:0.0098s ]
NOTIC: [8] Use of undefined constant man - assumed 'man' D:\web\tpshop\App\Admin\Common\AdminController.class.php 第 28 行.
SQL: SELECT role.role_auth_ac FROM sp_manager man INNER JOIN sp_role as role on man.role_id = role.role_id  WHERE `mg_id` = '502' LIMIT 1   [ RunTime:0.0005s ]
NOTIC: [8] Use of undefined constant admin - assumed 'admin' D:\web\tpshop\App\Admin\Common\AdminController.class.php 第 35 行.
SQL: SHOW COLUMNS FROM `sp_user` [ RunTime:0.0091s ]
SQL: SELECT * FROM `sp_user`  [ RunTime:0.0009s ]
NOTIC: [2] Missing argument 2 for Admin\Controller\UserController::export_execl(), called in D:\web\tpshop\App\Admin\Controller\UserController.class.php on line 35 and defined D:\web\tpshop\App\Admin\Controller\UserController.class.php 第 41 行.
NOTIC: [8] Undefined variable: data D:\web\tpshop\App\Admin\Controller\UserController.class.php 第 66 行.
NOTIC: [2] Invalid argument supplied for foreach() D:\web\tpshop\App\Admin\Controller\UserController.class.php 第 66 行.

[ 2017-06-19T20:20:01+08:00 ] 127.0.0.1 /index.php/Admin/User/showlist
INFO: [ app_init ] --START--
INFO: Run Behavior\BuildLiteBehavior [ RunTime:0.000012s ]
INFO: [ app_init ] --END-- [ RunTime:0.000572s ]

[ 2017-06-19T20:20:05+08:00 ] 127.0.0.1 /index.php/Admin/User/exportUser.html
INFO: [ app_init ] --START--
INFO: Run Behavior\BuildLiteBehavior [ RunTime:0.000007s ]
INFO: [ app_init ] --END-- [ RunTime:0.000357s ]
INFO: [ app_begin ] --START--
INFO: Run Behavior\ReadHtmlCacheBehavior [ RunTime:0.000489s ]
INFO: [ app_begin ] --END-- [ RunTime:0.000524s ]
SQL: SHOW COLUMNS FROM `sp_manager` [ RunTime:0.0046s ]
NOTIC: [8] Use of undefined constant man - assumed 'man' D:\web\tpshop\App\Admin\Common\AdminController.class.php 第 28 行.
SQL: SELECT role.role_auth_ac FROM sp_manager man INNER JOIN sp_role as role on man.role_id = role.role_id  WHERE `mg_id` = '502' LIMIT 1   [ RunTime:0.0003s ]
NOTIC: [8] Use of undefined constant admin - assumed 'admin' D:\web\tpshop\App\Admin\Common\AdminController.class.php 第 35 行.
SQL: SHOW COLUMNS FROM `sp_user` [ RunTime:0.0043s ]
SQL: SELECT * FROM `sp_user`  [ RunTime:0.0005s ]
NOTIC: [2] Missing argument 2 for Admin\Controller\UserController::export_execl(), called in D:\web\tpshop\App\Admin\Controller\UserController.class.php on line 35 and defined D:\web\tpshop\App\Admin\Controller\UserController.class.php 第 41 行.
NOTIC: [8] Undefined variable: data D:\web\tpshop\App\Admin\Controller\UserController.class.php 第 66 行.
NOTIC: [2] Invalid argument supplied for foreach() D:\web\tpshop\App\Admin\Controller\UserController.class.php 第 66 行.

[ 2017-06-19T20:20:22+08:00 ] 127.0.0.1 /index.php/Admin/User/exportUser.html
INFO: [ app_init ] --START--
INFO: Run Behavior\BuildLiteBehavior [ RunTime:0.000006s ]
INFO: [ app_init ] --END-- [ RunTime:0.000339s ]
INFO: [ app_begin ] --START--
INFO: Run Behavior\ReadHtmlCacheBehavior [ RunTime:0.000494s ]
INFO: [ app_begin ] --END-- [ RunTime:0.000528s ]
SQL: SHOW COLUMNS FROM `sp_manager` [ RunTime:0.0127s ]
NOTIC: [8] Use of undefined constant man - assumed 'man' D:\web\tpshop\App\Admin\Common\AdminController.class.php 第 28 行.
SQL: SELECT role.role_auth_ac FROM sp_manager man INNER JOIN sp_role as role on man.role_id = role.role_id  WHERE `mg_id` = '502' LIMIT 1   [ RunTime:0.0005s ]
NOTIC: [8] Use of undefined constant admin - assumed 'admin' D:\web\tpshop\App\Admin\Common\AdminController.class.php 第 35 行.
SQL: SHOW COLUMNS FROM `sp_user` [ RunTime:0.0067s ]
SQL: SELECT * FROM `sp_user`  [ RunTime:0.0007s ]
NOTIC: [2] Missing argument 2 for Admin\Controller\UserController::export_execl(), called in D:\web\tpshop\App\Admin\Controller\UserController.class.php on line 35 and defined D:\web\tpshop\App\Admin\Controller\UserController.class.php 第 41 行.
NOTIC: [8] Undefined variable: data D:\web\tpshop\App\Admin\Controller\UserController.class.php 第 66 行.
NOTIC: [2] Invalid argument supplied for foreach() D:\web\tpshop\App\Admin\Controller\UserController.class.php 第 66 行.
NOTIC: [8] Undefined variable: objPHPExcel D:\web\tpshop\App\Admin\Controller\UserController.class.php 第 85 行.
ERR: Argument 1 passed to PHPExcel_Writer_Excel5::__construct() must be an instance of PHPExcel, null given, called in D:\web\tpshop\App\Admin\Controller\UserController.class.php on line 85

[ 2017-06-19T20:21:18+08:00 ] 127.0.0.1 /index.php/Admin/User/showlist
INFO: [ app_init ] --START--
INFO: Run Behavior\BuildLiteBehavior [ RunTime:0.000011s ]
INFO: [ app_init ] --END-- [ RunTime:0.000538s ]

[ 2017-06-19T20:21:22+08:00 ] 127.0.0.1 /index.php/Admin/User/exportUser.html
INFO: [ app_init ] --START--
INFO: Run Behavior\BuildLiteBehavior [ RunTime:0.000011s ]
INFO: [ app_init ] --END-- [ RunTime:0.000568s ]
INFO: [ app_begin ] --START--
INFO: Run Behavior\ReadHtmlCacheBehavior [ RunTime:0.000585s ]
INFO: [ app_begin ] --END-- [ RunTime:0.000625s ]
SQL: SHOW COLUMNS FROM `sp_manager` [ RunTime:0.0046s ]
NOTIC: [8] Use of undefined constant man - assumed 'man' D:\web\tpshop\App\Admin\Common\AdminController.class.php 第 28 行.
SQL: SELECT role.role_auth_ac FROM sp_manager man INNER JOIN sp_role as role on man.role_id = role.role_id  WHERE `mg_id` = '502' LIMIT 1   [ RunTime:0.0002s ]
NOTIC: [8] Use of undefined constant admin - assumed 'admin' D:\web\tpshop\App\Admin\Common\AdminController.class.php 第 35 行.
SQL: SHOW COLUMNS FROM `sp_user` [ RunTime:0.0046s ]
SQL: SELECT * FROM `sp_user`  [ RunTime:0.0005s ]
NOTIC: [2] Missing argument 2 for Admin\Controller\UserController::export_execl(), called in D:\web\tpshop\App\Admin\Controller\UserController.class.php on line 35 and defined D:\web\tpshop\App\Admin\Controller\UserController.class.php 第 41 行.
NOTIC: [8] Undefined variable: data D:\web\tpshop\App\Admin\Controller\UserController.class.php 第 66 行.
NOTIC: [2] Invalid argument supplied for foreach() D:\web\tpshop\App\Admin\Controller\UserController.class.php 第 66 行.
INFO: [ app_end ] --START--
INFO: Run Behavior\ShowPageTraceBehavior [ RunTime:0.000744s ]
INFO: [ app_end ] --END-- [ RunTime:0.000783s ]

[ 2017-06-19T20:25:07+08:00 ] 127.0.0.1 /index.php/Admin/User/exportUser.html
INFO: [ app_init ] --START--
INFO: Run Behavior\BuildLiteBehavior [ RunTime:0.000008s ]
INFO: [ app_init ] --END-- [ RunTime:0.000358s ]
INFO: [ app_begin ] --START--
INFO: Run Behavior\ReadHtmlCacheBehavior [ RunTime:0.000405s ]
INFO: [ app_begin ] --END-- [ RunTime:0.000433s ]
SQL: SHOW COLUMNS FROM `sp_manager` [ RunTime:0.0058s ]
NOTIC: [8] Use of undefined constant man - assumed 'man' D:\web\tpshop\App\Admin\Common\AdminController.class.php 第 28 行.
SQL: SELECT role.role_auth_ac FROM sp_manager man INNER JOIN sp_role as role on man.role_id = role.role_id  WHERE `mg_id` = '502' LIMIT 1   [ RunTime:0.0003s ]
NOTIC: [8] Use of undefined constant admin - assumed 'admin' D:\web\tpshop\App\Admin\Common\AdminController.class.php 第 35 行.
SQL: SHOW COLUMNS FROM `sp_user` [ RunTime:0.0045s ]
SQL: SELECT * FROM `sp_user`  [ RunTime:0.0005s ]
NOTIC: [2] Missing argument 2 for Admin\Controller\UserController::export_execl(), called in D:\web\tpshop\App\Admin\Controller\UserController.class.php on line 35 and defined D:\web\tpshop\App\Admin\Controller\UserController.class.php 第 41 行.
NOTIC: [8] Undefined variable: data D:\web\tpshop\App\Admin\Controller\UserController.class.php 第 66 行.
NOTIC: [2] Invalid argument supplied for foreach() D:\web\tpshop\App\Admin\Controller\UserController.class.php 第 66 行.
INFO: [ app_end ] --START--
INFO: Run Behavior\ShowPageTraceBehavior [ RunTime:0.001151s ]
INFO: [ app_end ] --END-- [ RunTime:0.001207s ]

[ 2017-06-19T20:25:13+08:00 ] 127.0.0.1 /index.php/Admin/User/exportUser.html
INFO: [ app_init ] --START--
INFO: Run Behavior\BuildLiteBehavior [ RunTime:0.000010s ]
INFO: [ app_init ] --END-- [ RunTime:0.000551s ]
INFO: [ app_begin ] --START--
INFO: Run Behavior\ReadHtmlCacheBehavior [ RunTime:0.000640s ]
INFO: [ app_begin ] --END-- [ RunTime:0.000692s ]
SQL: SHOW COLUMNS FROM `sp_manager` [ RunTime:0.0054s ]
NOTIC: [8] Use of undefined constant man - assumed 'man' D:\web\tpshop\App\Admin\Common\AdminController.class.php 第 28 行.
SQL: SELECT role.role_auth_ac FROM sp_manager man INNER JOIN sp_role as role on man.role_id = role.role_id  WHERE `mg_id` = '502' LIMIT 1   [ RunTime:0.0003s ]
NOTIC: [8] Use of undefined constant admin - assumed 'admin' D:\web\tpshop\App\Admin\Common\AdminController.class.php 第 35 行.
SQL: SHOW COLUMNS FROM `sp_user` [ RunTime:0.0051s ]
SQL: SELECT * FROM `sp_user`  [ RunTime:0.0006s ]
NOTIC: [2] Missing argument 2 for Admin\Controller\UserController::export_execl(), called in D:\web\tpshop\App\Admin\Controller\UserController.class.php on line 35 and defined D:\web\tpshop\App\Admin\Controller\UserController.class.php 第 41 行.
NOTIC: [8] Undefined variable: data D:\web\tpshop\App\Admin\Controller\UserController.class.php 第 66 行.
NOTIC: [2] Invalid argument supplied for foreach() D:\web\tpshop\App\Admin\Controller\UserController.class.php 第 66 行.
INFO: [ app_end ] --START--
INFO: Run Behavior\ShowPageTraceBehavior [ RunTime:0.001268s ]
INFO: [ app_end ] --END-- [ RunTime:0.001325s ]

[ 2017-06-19T20:25:54+08:00 ] 127.0.0.1 /index.php/Admin/User/showlist
INFO: [ app_init ] --START--
INFO: Run Behavior\BuildLiteBehavior [ RunTime:0.000010s ]
INFO: [ app_init ] --END-- [ RunTime:0.000652s ]

[ 2017-06-19T20:26:00+08:00 ] 127.0.0.1 /index.php/Admin/User/exportUser.html
INFO: [ app_init ] --START--
INFO: Run Behavior\BuildLiteBehavior [ RunTime:0.000006s ]
INFO: [ app_init ] --END-- [ RunTime:0.000254s ]
INFO: [ app_begin ] --START--
INFO: Run Behavior\ReadHtmlCacheBehavior [ RunTime:0.000309s ]
INFO: [ app_begin ] --END-- [ RunTime:0.000331s ]
SQL: SHOW COLUMNS FROM `sp_manager` [ RunTime:0.0133s ]
NOTIC: [8] Use of undefined constant man - assumed 'man' D:\web\tpshop\App\Admin\Common\AdminController.class.php 第 28 行.
SQL: SELECT role.role_auth_ac FROM sp_manager man INNER JOIN sp_role as role on man.role_id = role.role_id  WHERE `mg_id` = '502' LIMIT 1   [ RunTime:0.0004s ]
NOTIC: [8] Use of undefined constant admin - assumed 'admin' D:\web\tpshop\App\Admin\Common\AdminController.class.php 第 35 行.
SQL: SHOW COLUMNS FROM `sp_user` [ RunTime:0.0068s ]
SQL: SELECT * FROM `sp_user`  [ RunTime:0.0007s ]
NOTIC: [2] Missing argument 2 for Admin\Controller\UserController::export_execl(), called in D:\web\tpshop\App\Admin\Controller\UserController.class.php on line 35 and defined D:\web\tpshop\App\Admin\Controller\UserController.class.php 第 41 行.
NOTIC: [8] Undefined variable: data D:\web\tpshop\App\Admin\Controller\UserController.class.php 第 63 行.
NOTIC: [2] Invalid argument supplied for foreach() D:\web\tpshop\App\Admin\Controller\UserController.class.php 第 63 行.

[ 2017-06-19T21:26:10+08:00 ] 127.0.0.1 /index.php/Admin/images/loading--big@2x.gif
INFO: [ app_init ] --START--
INFO: Run Behavior\BuildLiteBehavior [ RunTime:0.000053s ]
INFO: [ app_init ] --END-- [ RunTime:0.001268s ]

[ 2017-06-19T21:26:12+08:00 ] 127.0.0.1 /index.php/Admin/User/showlist/p/2.html
INFO: [ app_init ] --START--
INFO: Run Behavior\BuildLiteBehavior [ RunTime:0.000011s ]
INFO: [ app_init ] --END-- [ RunTime:0.000481s ]
INFO: [ app_begin ] --START--
INFO: Run Behavior\ReadHtmlCacheBehavior [ RunTime:0.000753s ]
INFO: [ app_begin ] --END-- [ RunTime:0.000799s ]
SQL: SHOW COLUMNS FROM `sp_manager` [ RunTime:0.0103s ]
NOTIC: [8] Use of undefined constant man - assumed 'man' D:\web\tpshop\App\Admin\Common\AdminController.class.php 第 28 行.
SQL: SELECT role.role_auth_ac FROM sp_manager man INNER JOIN sp_role as role on man.role_id = role.role_id  WHERE `mg_id` = '502' LIMIT 1   [ RunTime:0.0016s ]
NOTIC: [8] Use of undefined constant admin - assumed 'admin' D:\web\tpshop\App\Admin\Common\AdminController.class.php 第 35 行.
SQL: SHOW COLUMNS FROM `sp_user` [ RunTime:0.0077s ]
SQL: SELECT COUNT(*) AS tp_count FROM `sp_user` LIMIT 1   [ RunTime:0.0005s ]
SQL: SELECT * FROM `sp_user` ORDER BY user_id DESC LIMIT 15,15   [ RunTime:0.0007s ]
INFO: [ view_parse ] --START--
INFO: [ template_filter ] --START--
INFO: Run Behavior\ContentReplaceBehavior [ RunTime:0.000228s ]
INFO: [ template_filter ] --END-- [ RunTime:0.000260s ]
INFO: Run Behavior\ParseTemplateBehavior [ RunTime:0.009250s ]
INFO: [ view_parse ] --END-- [ RunTime:0.009351s ]
INFO: [ view_filter ] --START--
INFO: Run Behavior\WriteHtmlCacheBehavior [ RunTime:0.000448s ]
INFO: [ view_filter ] --END-- [ RunTime:0.000471s ]
INFO: [ app_end ] --START--
INFO: Run Behavior\ShowPageTraceBehavior [ RunTime:0.000553s ]
INFO: [ app_end ] --END-- [ RunTime:0.000579s ]

[ 2017-06-19T21:26:12+08:00 ] 127.0.0.1 /index.php/Admin/images/article-expand@2x.png
INFO: [ app_init ] --START--
INFO: Run Behavior\BuildLiteBehavior [ RunTime:0.000012s ]
INFO: [ app_init ] --END-- [ RunTime:0.000448s ]

[ 2017-06-19T21:26:12+08:00 ] 127.0.0.1 /index.php/Admin/images/tooltip_arrow@2x.png
INFO: [ app_init ] --START--
INFO: Run Behavior\BuildLiteBehavior [ RunTime:0.000009s ]
INFO: [ app_init ] --END-- [ RunTime:0.000376s ]

[ 2017-06-19T21:26:12+08:00 ] 127.0.0.1 /index.php/Admin/images/article-contract@2x.png
INFO: [ app_init ] --START--
INFO: Run Behavior\BuildLiteBehavior [ RunTime:0.000010s ]
INFO: [ app_init ] --END-- [ RunTime:0.000451s ]

[ 2017-06-19T21:26:13+08:00 ] 127.0.0.1 /index.php/Admin/User/showlist/p/3.html
INFO: [ app_init ] --START--
INFO: Run Behavior\BuildLiteBehavior [ RunTime:0.000006s ]
INFO: [ app_init ] --END-- [ RunTime:0.000267s ]
INFO: [ app_begin ] --START--
INFO: Run Behavior\ReadHtmlCacheBehavior [ RunTime:0.000373s ]
INFO: [ app_begin ] --END-- [ RunTime:0.000402s ]
SQL: SHOW COLUMNS FROM `sp_manager` [ RunTime:0.0143s ]
NOTIC: [8] Use of undefined constant man - assumed 'man' D:\web\tpshop\App\Admin\Common\AdminController.class.php 第 28 行.
SQL: SELECT role.role_auth_ac FROM sp_manager man INNER JOIN sp_role as role on man.role_id = role.role_id  WHERE `mg_id` = '502' LIMIT 1   [ RunTime:0.0010s ]
NOTIC: [8] Use of undefined constant admin - assumed 'admin' D:\web\tpshop\App\Admin\Common\AdminController.class.php 第 35 行.
SQL: SHOW COLUMNS FROM `sp_user` [ RunTime:0.0111s ]
SQL: SELECT COUNT(*) AS tp_count FROM `sp_user` LIMIT 1   [ RunTime:0.0003s ]
SQL: SELECT * FROM `sp_user` ORDER BY user_id DESC LIMIT 30,15   [ RunTime:0.0006s ]
INFO: [ view_parse ] --START--
INFO: [ template_filter ] --START--
INFO: Run Behavior\ContentReplaceBehavior [ RunTime:0.000065s ]
INFO: [ template_filter ] --END-- [ RunTime:0.000095s ]
INFO: Run Behavior\ParseTemplateBehavior [ RunTime:0.005856s ]
INFO: [ view_parse ] --END-- [ RunTime:0.005889s ]
INFO: [ view_filter ] --START--
INFO: Run Behavior\WriteHtmlCacheBehavior [ RunTime:0.000229s ]
INFO: [ view_filter ] --END-- [ RunTime:0.000249s ]
INFO: [ app_end ] --START--
INFO: Run Behavior\ShowPageTraceBehavior [ RunTime:0.000490s ]
INFO: [ app_end ] --END-- [ RunTime:0.000549s ]

[ 2017-06-19T21:26:15+08:00 ] 127.0.0.1 /index.php/Admin/User/exportUser.html
INFO: [ app_init ] --START--
INFO: Run Behavior\BuildLiteBehavior [ RunTime:0.000018s ]
INFO: [ app_init ] --END-- [ RunTime:0.000456s ]
INFO: [ app_begin ] --START--
INFO: Run Behavior\ReadHtmlCacheBehavior [ RunTime:0.000629s ]
INFO: [ app_begin ] --END-- [ RunTime:0.000674s ]
SQL: SHOW COLUMNS FROM `sp_manager` [ RunTime:0.0081s ]
NOTIC: [8] Use of undefined constant man - assumed 'man' D:\web\tpshop\App\Admin\Common\AdminController.class.php 第 28 行.
SQL: SELECT role.role_auth_ac FROM sp_manager man INNER JOIN sp_role as role on man.role_id = role.role_id  WHERE `mg_id` = '502' LIMIT 1   [ RunTime:0.0003s ]
NOTIC: [8] Use of undefined constant admin - assumed 'admin' D:\web\tpshop\App\Admin\Common\AdminController.class.php 第 35 行.
SQL: SHOW COLUMNS FROM `sp_user` [ RunTime:0.0043s ]
SQL: SELECT * FROM `sp_user`  [ RunTime:0.0005s ]
NOTIC: [2] Missing argument 2 for Admin\Controller\UserController::export_execl(), called in D:\web\tpshop\App\Admin\Controller\UserController.class.php on line 35 and defined D:\web\tpshop\App\Admin\Controller\UserController.class.php 第 41 行.
NOTIC: [8] Undefined variable: data D:\web\tpshop\App\Admin\Controller\UserController.class.php 第 63 行.
NOTIC: [2] Invalid argument supplied for foreach() D:\web\tpshop\App\Admin\Controller\UserController.class.php 第 63 行.

